build/app/intermediates/manifest_merge_blame_file/debug/manifest-merger-blame-debug-report.txt
1<?xml version="1.0" encoding="utf-8"?>
2<manifest xmlns:android="http://schemas.android.com/apk/res/android"
3    package="com.example.autenticacao"
4    android:versionCode="1"
5    android:versionName="1.0.0" >
6
7    <uses-sdk
8        android:minSdkVersion="21"
9        android:targetSdkVersion="31" />
10    <!--
11         Flutter needs it to communicate with the running application
12         to allow setting breakpoints, to provide hot reload, etc.
13    -->
14    <uses-permission android:name="android.permission.INTERNET" />
14-->src\debug\AndroidManifest.xml:6:5-66
14-->src\debug\AndroidManifest.xml:6:22-64
15    <uses-permission android:name="android.permission.ACCESS_NETWORK_STATE" />
15-->[com.google.firebase:firebase-auth:21.0.3] AndroidManifest.xml:24:5-79
15-->[com.google.firebase:firebase-auth:21.0.3] AndroidManifest.xml:24:22-76
16
17    <application
18        android:name="android.app.Application"
19        android:appComponentFactory="androidx.core.app.CoreComponentFactory"
19-->[androidx.core:core:1.6.0] AndroidManifest.xml:24:18-86
20        android:debuggable="true"
21        android:icon="@mipmap/ic_launcher"
22        android:label="autenticacao" >
23        <activity
24            android:name="com.example.autenticacao.MainActivity"
25            android:configChanges="orientation|keyboardHidden|keyboard|screenSize|smallestScreenSize|locale|layoutDirection|fontScale|screenLayout|density|uiMode"
26            android:exported="true"
27            android:hardwareAccelerated="true"
28            android:launchMode="singleTop"
29            android:theme="@style/LaunchTheme"
30            android:windowSoftInputMode="adjustResize" >
31
32            <!--
33                 Specifies an Android theme to apply to this Activity as soon as
34                 the Android process has started. This theme is visible to the user
35                 while the Flutter UI initializes. After that, this theme continues
36                 to determine the Window background behind the Flutter UI.
37            -->
38            <meta-data
39                android:name="io.flutter.embedding.android.NormalTheme"
40                android:resource="@style/NormalTheme" />
41
42            <intent-filter>
43                <action android:name="android.intent.action.MAIN" />
44
45                <category android:name="android.intent.category.LAUNCHER" />
46            </intent-filter>
47        </activity>
48        <!--
49             Don't delete the meta-data below.
50             This is used by the Flutter tool to generate GeneratedPluginRegistrant.java
51        -->
52        <meta-data
53            android:name="flutterEmbedding"
54            android:value="2" />
55
56        <service
56-->[:firebase_auth] AndroidManifest.xml:8:9-12:19
57            android:name="com.google.firebase.components.ComponentDiscoveryService"
57-->[:firebase_auth] AndroidManifest.xml:8:18-89
58            android:directBootAware="true"
58-->[com.google.firebase:firebase-common:20.1.0] AndroidManifest.xml:35:13-43
59            android:exported="false" >
59-->[com.google.firebase:firebase-auth-ktx:21.0.3] AndroidManifest.xml:10:13-37
60            <meta-data
60-->[:firebase_auth] AndroidManifest.xml:9:13-11:85
61                android:name="com.google.firebase.components:io.flutter.plugins.firebase.auth.FlutterFirebaseAuthRegistrar"
61-->[:firebase_auth] AndroidManifest.xml:10:17-124
62                android:value="com.google.firebase.components.ComponentRegistrar" />
62-->[:firebase_auth] AndroidManifest.xml:11:17-82
63            <meta-data
63-->[:firebase_storage] AndroidManifest.xml:9:13-11:85
64                android:name="com.google.firebase.components:io.flutter.plugins.firebase.storage.FlutterFirebaseAppRegistrar"
64-->[:firebase_storage] AndroidManifest.xml:10:17-126
65                android:value="com.google.firebase.components.ComponentRegistrar" />
65-->[:firebase_storage] AndroidManifest.xml:11:17-82
66            <meta-data
66-->[:firebase_core] AndroidManifest.xml:9:13-11:85
67                android:name="com.google.firebase.components:io.flutter.plugins.firebase.core.FlutterFirebaseCoreRegistrar"
67-->[:firebase_core] AndroidManifest.xml:10:17-124
68                android:value="com.google.firebase.components.ComponentRegistrar" />
68-->[:firebase_core] AndroidManifest.xml:11:17-82
69            <meta-data
69-->[com.google.firebase:firebase-auth-ktx:21.0.3] AndroidManifest.xml:11:13-13:85
70                android:name="com.google.firebase.components:com.google.firebase.auth.ktx.FirebaseAuthKtxRegistrar"
70-->[com.google.firebase:firebase-auth-ktx:21.0.3] AndroidManifest.xml:12:17-116
71                android:value="com.google.firebase.components.ComponentRegistrar" />
71-->[com.google.firebase:firebase-auth-ktx:21.0.3] AndroidManifest.xml:13:17-82
72            <meta-data
72-->[com.google.firebase:firebase-common-ktx:20.1.0] AndroidManifest.xml:15:13-17:85
73                android:name="com.google.firebase.components:com.google.firebase.ktx.FirebaseCommonKtxRegistrar"
73-->[com.google.firebase:firebase-common-ktx:20.1.0] AndroidManifest.xml:16:17-113
74                android:value="com.google.firebase.components.ComponentRegistrar" />
74-->[com.google.firebase:firebase-common-ktx:20.1.0] AndroidManifest.xml:17:17-82
75            <meta-data
75-->[com.google.firebase:firebase-auth:21.0.3] AndroidManifest.xml:67:13-69:85
76                android:name="com.google.firebase.components:com.google.firebase.auth.FirebaseAuthRegistrar"
76-->[com.google.firebase:firebase-auth:21.0.3] AndroidManifest.xml:68:17-109
77                android:value="com.google.firebase.components.ComponentRegistrar" />
77-->[com.google.firebase:firebase-auth:21.0.3] AndroidManifest.xml:69:17-82
78            <meta-data
78-->[com.google.firebase:firebase-storage:20.0.1] AndroidManifest.xml:33:13-35:85
79                android:name="com.google.firebase.components:com.google.firebase.storage.StorageRegistrar"
79-->[com.google.firebase:firebase-storage:20.0.1] AndroidManifest.xml:34:17-107
80                android:value="com.google.firebase.components.ComponentRegistrar" />
80-->[com.google.firebase:firebase-storage:20.0.1] AndroidManifest.xml:35:17-82
81        </service>
82
83        <uses-library
83-->[androidx.window:window:1.0.0-beta04] AndroidManifest.xml:25:9-27:40
84            android:name="androidx.window.extensions"
84-->[androidx.window:window:1.0.0-beta04] AndroidManifest.xml:26:13-54
85            android:required="false" />
85-->[androidx.window:window:1.0.0-beta04] AndroidManifest.xml:27:13-37
86        <uses-library
86-->[androidx.window:window:1.0.0-beta04] AndroidManifest.xml:28:9-30:40
87            android:name="androidx.window.sidecar"
87-->[androidx.window:window:1.0.0-beta04] AndroidManifest.xml:29:13-51
88            android:required="false" />
88-->[androidx.window:window:1.0.0-beta04] AndroidManifest.xml:30:13-37
89
90        <activity
90-->[com.google.android.gms:play-services-auth:20.1.0] AndroidManifest.xml:23:9-27:75
91            android:name="com.google.android.gms.auth.api.signin.internal.SignInHubActivity"
91-->[com.google.android.gms:play-services-auth:20.1.0] AndroidManifest.xml:24:13-93
92            android:excludeFromRecents="true"
92-->[com.google.android.gms:play-services-auth:20.1.0] AndroidManifest.xml:25:13-46
93            android:exported="false"
93-->[com.google.android.gms:play-services-auth:20.1.0] AndroidManifest.xml:26:13-37
94            android:theme="@android:style/Theme.Translucent.NoTitleBar" />
94-->[com.google.android.gms:play-services-auth:20.1.0] AndroidManifest.xml:27:13-72
95        <!--
96            Service handling Google Sign-In user revocation. For apps that do not integrate with
97            Google Sign-In, this service will never be started.
98        -->
99        <service
99-->[com.google.android.gms:play-services-auth:20.1.0] AndroidManifest.xml:33:9-37:51
100            android:name="com.google.android.gms.auth.api.signin.RevocationBoundService"
100-->[com.google.android.gms:play-services-auth:20.1.0] AndroidManifest.xml:34:13-89
101            android:exported="true"
101-->[com.google.android.gms:play-services-auth:20.1.0] AndroidManifest.xml:35:13-36
102            android:permission="com.google.android.gms.auth.api.signin.permission.REVOCATION_NOTIFICATION"
102-->[com.google.android.gms:play-services-auth:20.1.0] AndroidManifest.xml:36:13-107
103            android:visibleToInstantApps="true" />
103-->[com.google.android.gms:play-services-auth:20.1.0] AndroidManifest.xml:37:13-48
104
105        <activity
105-->[com.google.firebase:firebase-auth:21.0.3] AndroidManifest.xml:27:9-44:20
106            android:name="com.google.firebase.auth.internal.GenericIdpActivity"
106-->[com.google.firebase:firebase-auth:21.0.3] AndroidManifest.xml:28:13-80
107            android:excludeFromRecents="true"
107-->[com.google.firebase:firebase-auth:21.0.3] AndroidManifest.xml:29:13-46
108            android:exported="true"
108-->[com.google.firebase:firebase-auth:21.0.3] AndroidManifest.xml:30:13-36
109            android:launchMode="singleTask"
109-->[com.google.firebase:firebase-auth:21.0.3] AndroidManifest.xml:31:13-44
110            android:theme="@android:style/Theme.Translucent.NoTitleBar" >
110-->[com.google.firebase:firebase-auth:21.0.3] AndroidManifest.xml:32:13-72
111            <intent-filter>
111-->[com.google.firebase:firebase-auth:21.0.3] AndroidManifest.xml:33:13-43:29
112                <action android:name="android.intent.action.VIEW" />
112-->[com.google.firebase:firebase-auth:21.0.3] AndroidManifest.xml:34:17-69
112-->[com.google.firebase:firebase-auth:21.0.3] AndroidManifest.xml:34:25-66
113
114                <category android:name="android.intent.category.DEFAULT" />
114-->[com.google.firebase:firebase-auth:21.0.3] AndroidManifest.xml:36:17-76
114-->[com.google.firebase:firebase-auth:21.0.3] AndroidManifest.xml:36:27-73
115                <category android:name="android.intent.category.BROWSABLE" />
115-->[com.google.firebase:firebase-auth:21.0.3] AndroidManifest.xml:37:17-78
115-->[com.google.firebase:firebase-auth:21.0.3] AndroidManifest.xml:37:27-75
116
117                <data
117-->[com.google.firebase:firebase-auth:21.0.3] AndroidManifest.xml:39:17-42:51
118                    android:host="firebase.auth"
118-->[com.google.firebase:firebase-auth:21.0.3] AndroidManifest.xml:40:21-49
119                    android:path="/"
119-->[com.google.firebase:firebase-auth:21.0.3] AndroidManifest.xml:41:21-37
120                    android:scheme="genericidp" />
120-->[com.google.firebase:firebase-auth:21.0.3] AndroidManifest.xml:42:21-48
121            </intent-filter>
122        </activity>
123        <activity
123-->[com.google.firebase:firebase-auth:21.0.3] AndroidManifest.xml:45:9-62:20
124            android:name="com.google.firebase.auth.internal.RecaptchaActivity"
124-->[com.google.firebase:firebase-auth:21.0.3] AndroidManifest.xml:46:13-79
125            android:excludeFromRecents="true"
125-->[com.google.firebase:firebase-auth:21.0.3] AndroidManifest.xml:47:13-46
126            android:exported="true"
126-->[com.google.firebase:firebase-auth:21.0.3] AndroidManifest.xml:48:13-36
127            android:launchMode="singleTask"
127-->[com.google.firebase:firebase-auth:21.0.3] AndroidManifest.xml:49:13-44
128            android:theme="@android:style/Theme.Translucent.NoTitleBar" >
128-->[com.google.firebase:firebase-auth:21.0.3] AndroidManifest.xml:50:13-72
129            <intent-filter>
129-->[com.google.firebase:firebase-auth:21.0.3] AndroidManifest.xml:51:13-61:29
130                <action android:name="android.intent.action.VIEW" />
130-->[com.google.firebase:firebase-auth:21.0.3] AndroidManifest.xml:34:17-69
130-->[com.google.firebase:firebase-auth:21.0.3] AndroidManifest.xml:34:25-66
131
132                <category android:name="android.intent.category.DEFAULT" />
132-->[com.google.firebase:firebase-auth:21.0.3] AndroidManifest.xml:36:17-76
132-->[com.google.firebase:firebase-auth:21.0.3] AndroidManifest.xml:36:27-73
133                <category android:name="android.intent.category.BROWSABLE" />
133-->[com.google.firebase:firebase-auth:21.0.3] AndroidManifest.xml:37:17-78
133-->[com.google.firebase:firebase-auth:21.0.3] AndroidManifest.xml:37:27-75
134
135                <data
135-->[com.google.firebase:firebase-auth:21.0.3] AndroidManifest.xml:39:17-42:51
136                    android:host="firebase.auth"
136-->[com.google.firebase:firebase-auth:21.0.3] AndroidManifest.xml:40:21-49
137                    android:path="/"
137-->[com.google.firebase:firebase-auth:21.0.3] AndroidManifest.xml:41:21-37
138                    android:scheme="recaptcha" />
138-->[com.google.firebase:firebase-auth:21.0.3] AndroidManifest.xml:42:21-48
139            </intent-filter>
140        </activity>
141
142        <provider
142-->[com.google.firebase:firebase-common:20.1.0] AndroidManifest.xml:26:9-31:39
143            android:name="com.google.firebase.provider.FirebaseInitProvider"
143-->[com.google.firebase:firebase-common:20.1.0] AndroidManifest.xml:27:13-77
144            android:authorities="com.example.autenticacao.firebaseinitprovider"
144-->[com.google.firebase:firebase-common:20.1.0] AndroidManifest.xml:28:13-72
145            android:directBootAware="true"
145-->[com.google.firebase:firebase-common:20.1.0] AndroidManifest.xml:29:13-43
146            android:exported="false"
146-->[com.google.firebase:firebase-common:20.1.0] AndroidManifest.xml:30:13-37
147            android:initOrder="100" />
147-->[com.google.firebase:firebase-common:20.1.0] AndroidManifest.xml:31:13-36
148
149        <activity
149-->[com.google.android.gms:play-services-base:18.0.1] AndroidManifest.xml:20:9-22:45
150            android:name="com.google.android.gms.common.api.GoogleApiActivity"
150-->[com.google.android.gms:play-services-base:18.0.1] AndroidManifest.xml:20:19-85
151            android:exported="false"
151-->[com.google.android.gms:play-services-base:18.0.1] AndroidManifest.xml:22:19-43
152            android:theme="@android:style/Theme.Translucent.NoTitleBar" />
152-->[com.google.android.gms:play-services-base:18.0.1] AndroidManifest.xml:21:19-78
153
154        <meta-data
154-->[com.google.android.gms:play-services-basement:18.0.0] AndroidManifest.xml:21:9-23:69
155            android:name="com.google.android.gms.version"
155-->[com.google.android.gms:play-services-basement:18.0.0] AndroidManifest.xml:22:13-58
156            android:value="@integer/google_play_services_version" />
156-->[com.google.android.gms:play-services-basement:18.0.0] AndroidManifest.xml:23:13-66
157    </application>
158
159</manifest>